SF:lib/productjson.dart
DA:1,9
DA:2,3
DA:7,3
DA:10,3
DA:15,3
DA:18,3
DA:23,3
DA:47,3
DA:56,1
DA:57,1
DA:58,2
DA:59,1
DA:60,2
DA:61,1
DA:62,1
DA:63,1
DA:67,1
DA:68,1
DA:69,1
DA:70,1
DA:71,1
DA:72,1
DA:73,1
DA:74,1
DA:87,4
DA:96,4
DA:97,4
DA:98,8
DA:99,4
DA:100,8
DA:101,4
DA:102,8
DA:103,4
DA:107,1
DA:108,1
DA:109,1
DA:110,1
DA:111,1
DA:112,1
DA:113,1
DA:114,1
LF:41
LH:41
end_of_record
SF:lib/cartprovider.dart
DA:6,2
DA:7,4
DA:8,2
DA:11,1
DA:12,2
DA:13,1
LF:6
LH:6
end_of_record
SF:lib/productdetalspage.dart
DA:8,2
DA:13,2
DA:14,2
DA:19,1
DA:20,2
DA:21,3
DA:22,1
DA:23,1
DA:24,1
DA:25,1
DA:26,1
DA:27,1
DA:28,1
DA:31,2
DA:32,1
DA:33,3
DA:37,3
DA:43,2
DA:45,6
DA:47,2
DA:48,2
DA:51,2
DA:52,2
DA:54,4
DA:57,2
DA:59,2
DA:60,2
DA:63,1
DA:73,2
DA:75,2
DA:77,2
DA:79,2
DA:81,2
DA:83,6
DA:86,2
DA:88,2
DA:90,4
DA:91,2
DA:92,6
DA:93,4
DA:94,2
DA:96,2
DA:97,1
DA:98,2
DA:99,1
DA:103,2
DA:104,2
DA:105,4
DA:114,2
DA:116,2
DA:117,2
DA:121,2
LF:52
LH:52
end_of_record
SF:lib/cartpage.dart
DA:6,2
DA:8,2
DA:10,2
DA:11,2
DA:12,2
DA:13,2
DA:16,2
DA:17,2
DA:18,1
DA:19,1
DA:20,1
DA:21,3
DA:22,1
DA:24,1
DA:25,1
DA:26,1
DA:30,1
DA:31,1
DA:32,1
DA:34,1
DA:35,1
DA:40,1
DA:41,1
DA:42,1
DA:43,2
DA:46,1
DA:47,1
DA:48,2
DA:49,1
DA:58,2
LF:30
LH:30
end_of_record
SF:lib/firstpage.dart
DA:7,2
DA:9,2
DA:10,2
DA:17,2
DA:19,2
DA:20,6
DA:23,2
DA:30,2
DA:32,2
DA:34,2
DA:36,2
DA:75,2
DA:77,2
DA:80,4
DA:81,2
DA:82,4
DA:84,2
DA:86,2
DA:87,1
DA:88,2
DA:89,1
DA:92,2
DA:93,4
DA:96,2
DA:111,2
DA:112,2
DA:114,4
DA:115,2
DA:116,4
DA:117,2
DA:119,2
DA:120,1
DA:121,2
DA:122,1
DA:123,1
DA:124,3
DA:128,2
DA:129,2
DA:130,2
DA:131,2
DA:132,2
LF:41
LH:41
end_of_record
SF:lib/homepage.dart
DA:6,1
DA:8,1
DA:9,1
DA:20,1
DA:22,1
DA:23,1
DA:24,1
DA:25,1
DA:27,1
DA:31,1
DA:32,1
DA:33,2
DA:34,1
LF:13
LH:13
end_of_record
SF:lib/productcard.dart
DA:9,3
DA:16,3
DA:18,3
DA:21,3
DA:22,3
DA:23,3
DA:25,3
DA:26,3
DA:27,6
DA:29,9
DA:31,3
DA:32,3
DA:33,3
DA:35,1
LF:14
LH:14
end_of_record
